[Fx] PROVIDE	fx.Lifecycle <= go.uber.org/fx.New.func1()
[Fx] PROVIDE	fx.Shutdowner <= go.uber.org/fx.(*App).shutdowner-fm()
[Fx] PROVIDE	fx.DotGraph <= go.uber.org/fx.(*App).dotGraph-fm()
[Fx] PROVIDE	repositories.CompanyRepository <= github.com/RodolfoBonis/spooliq/features/company/data/repositories.NewCompanyRepository()
[Fx] PROVIDE	usecases.ICompanyUseCase <= github.com/RodolfoBonis/spooliq/features/company/di.init.func1()
[Fx] PROVIDE	usecases.IUploadUseCase <= github.com/RodolfoBonis/spooliq/features/uploads/di.init.func1()
[Fx] PROVIDE	*gin.Engine <= github.com/gin-gonic/gin.New()
[Fx] PROVIDE	*services.CDNService <= github.com/RodolfoBonis/spooliq/app.NewFxApp.func1()
[Fx] PROVIDE	*services.PDFService <= github.com/RodolfoBonis/spooliq/app.NewFxApp.func2()
[Fx] PROVIDE	logger.Logger <= github.com/RodolfoBonis/spooliq/core/logger.NewLogger() from module "logger"
[Fx] PROVIDE	logger.TraceLogger <= github.com/RodolfoBonis/spooliq/core/logger.NewTraceLogger() from module "logger"
[Fx] PROVIDE	*config.AppConfig <= github.com/RodolfoBonis/spooliq/core/config.NewAppConfig() from module "config"
[Fx] PROVIDE	*observability.Manager <= github.com/RodolfoBonis/spooliq/core/observability.NewManager() from module "observability"
[Fx] PROVIDE	*observability.Helper <= github.com/RodolfoBonis/spooliq/core/observability.NewHelper() from module "observability"
[Fx] PROVIDE	observability.ManagerInterface <= fx.Annotate(github.com/RodolfoBonis/spooliq/core/observability.init.func2(), fx.As([[observability.ManagerInterface]]) from module "observability"
[Fx] PROVIDE	*services.AmqpService <= github.com/RodolfoBonis/spooliq/core/services.NewAmqpService() from module "services"
[Fx] PROVIDE	*services.RedisService <= github.com/RodolfoBonis/spooliq/core/services.NewRedisService() from module "services"
[Fx] PROVIDE	*services.AuthService <= github.com/RodolfoBonis/spooliq/core/services.NewAuthService() from module "services"
[Fx] PROVIDE	services.IAsaasService <= github.com/RodolfoBonis/spooliq/core/services.NewAsaasService() from module "services"
[Fx] PROVIDE	services.IKeycloakAdminService <= github.com/RodolfoBonis/spooliq/core/services.NewKeycloakAdminService() from module "services"
[Fx] PROVIDE	*gorm.DB <= github.com/RodolfoBonis/spooliq/core/services.init.func1() from module "services"
[Fx] PROVIDE	*middlewares.MonitoringMiddleware <= github.com/RodolfoBonis/spooliq/core/middlewares.NewMonitoringMiddleware() from module "middlewares"
[Fx] PROVIDE	func(gin.HandlerFunc, ...string) gin.HandlerFunc <= github.com/RodolfoBonis/spooliq/core/middlewares.NewProtectMiddleware() from module "middlewares"
[Fx] PROVIDE	*middlewares.CacheMiddleware <= github.com/RodolfoBonis/spooliq/core/middlewares.NewCacheMiddleware() from module "middlewares"
[Fx] PROVIDE	*middlewares.SubscriptionMiddleware <= github.com/RodolfoBonis/spooliq/core/middlewares.NewSubscriptionMiddleware() from module "middlewares"
[Fx] PROVIDE	usecases.AuthUseCase <= github.com/RodolfoBonis/spooliq/features/auth/di.init.func1() from module "auth"
[Fx] PROVIDE	*usecases.RegisterUseCase <= github.com/RodolfoBonis/spooliq/features/auth/di.init.func2() from module "auth"
[Fx] PROVIDE	repositories.BrandRepository <= fx.Annotate(github.com/RodolfoBonis/spooliq/features/brand/di.init.func1() from module "brand"
[Fx] PROVIDE	usecases.IBrandUseCase <= fx.Annotate(github.com/RodolfoBonis/spooliq/features/brand/di.init.func2() from module "brand"
[Fx] PROVIDE	repositories.BudgetRepository <= github.com/RodolfoBonis/spooliq/features/budget/data/repositories.NewBudgetRepository() from module "budget"
[Fx] PROVIDE	usecases.IBudgetUseCase <= github.com/RodolfoBonis/spooliq/features/budget/domain/usecases.NewBudgetUseCase() from module "budget"
[Fx] PROVIDE	repositories.CustomerRepository <= github.com/RodolfoBonis/spooliq/features/customer/data/repositories.NewCustomerRepository() from module "customer"
[Fx] PROVIDE	usecases.ICustomerUseCase <= github.com/RodolfoBonis/spooliq/features/customer/domain/usecases.NewCustomerUseCase() from module "customer"
[Fx] PROVIDE	repositories.FilamentRepository <= fx.Annotate(github.com/RodolfoBonis/spooliq/features/filament/di.init.func1() from module "filament"
[Fx] PROVIDE	usecases.IFilamentUseCase <= fx.Annotate(github.com/RodolfoBonis/spooliq/features/filament/di.init.func2() from module "filament"
[Fx] PROVIDE	repositories.MaterialRepository <= fx.Annotate(github.com/RodolfoBonis/spooliq/features/material/di.init.func1() from module "material"
[Fx] PROVIDE	usecases.IMaterialUseCase <= fx.Annotate(github.com/RodolfoBonis/spooliq/features/material/di.init.func2() from module "material"
[Fx] PROVIDE	repositories.PresetRepository <= fx.Annotate(github.com/RodolfoBonis/spooliq/features/preset/data/repositories.NewPresetRepository(), fx.As([[repositories.PresetRepository]]) from module "preset"
[Fx] PROVIDE	*usecases.CreatePresetUseCase <= github.com/RodolfoBonis/spooliq/features/preset/domain/usecases.NewCreatePresetUseCase() from module "preset"
[Fx] PROVIDE	*usecases.FindPresetUseCase <= github.com/RodolfoBonis/spooliq/features/preset/domain/usecases.NewFindPresetUseCase() from module "preset"
[Fx] PROVIDE	*usecases.UpdatePresetUseCase <= github.com/RodolfoBonis/spooliq/features/preset/domain/usecases.NewUpdatePresetUseCase() from module "preset"
[Fx] PROVIDE	*usecases.DeletePresetUseCase <= github.com/RodolfoBonis/spooliq/features/preset/domain/usecases.NewDeletePresetUseCase() from module "preset"
[Fx] PROVIDE	*preset.Handler <= github.com/RodolfoBonis/spooliq/features/preset.NewPresetHandler() from module "preset"
[Fx] PROVIDE	repositories.UserRepository <= github.com/RodolfoBonis/spooliq/features/users/di.init.func1() from module "users"
[Fx] PROVIDE	*usecases.CreateUserUseCase <= github.com/RodolfoBonis/spooliq/features/users/domain/usecases.NewCreateUserUseCase() from module "users"
[Fx] PROVIDE	*usecases.ListUsersUseCase <= github.com/RodolfoBonis/spooliq/features/users/domain/usecases.NewListUsersUseCase() from module "users"
[Fx] PROVIDE	*usecases.FindUserUseCase <= github.com/RodolfoBonis/spooliq/features/users/domain/usecases.NewFindUserUseCase() from module "users"
[Fx] PROVIDE	*usecases.UpdateUserUseCase <= github.com/RodolfoBonis/spooliq/features/users/domain/usecases.NewUpdateUserUseCase() from module "users"
[Fx] PROVIDE	*usecases.DeleteUserUseCase <= github.com/RodolfoBonis/spooliq/features/users/domain/usecases.NewDeleteUserUseCase() from module "users"
[Fx] PROVIDE	*users.Handler <= github.com/RodolfoBonis/spooliq/features/users/di.init.func2() from module "users"
[Fx] PROVIDE	*usecases.AsaasWebhookUseCase <= github.com/RodolfoBonis/spooliq/features/webhooks/di.init.func1() from module "webhooks"
[Fx] PROVIDE	*webhooks.Handler <= github.com/RodolfoBonis/spooliq/features/webhooks.NewWebhookHandler() from module "webhooks"
[Fx] PROVIDE	*usecases.ListCompaniesUseCase <= github.com/RodolfoBonis/spooliq/features/admin/domain/usecases.NewListCompaniesUseCase() from module "admin"
[Fx] PROVIDE	*usecases.GetCompanyDetailsUseCase <= github.com/RodolfoBonis/spooliq/features/admin/domain/usecases.NewGetCompanyDetailsUseCase() from module "admin"
[Fx] PROVIDE	*usecases.UpdateCompanyStatusUseCase <= github.com/RodolfoBonis/spooliq/features/admin/domain/usecases.NewUpdateCompanyStatusUseCase() from module "admin"
[Fx] PROVIDE	*usecases.ListSubscriptionsUseCase <= github.com/RodolfoBonis/spooliq/features/admin/domain/usecases.NewListSubscriptionsUseCase() from module "admin"
[Fx] PROVIDE	*usecases.GetSubscriptionDetailsUseCase <= github.com/RodolfoBonis/spooliq/features/admin/domain/usecases.NewGetSubscriptionDetailsUseCase() from module "admin"
[Fx] PROVIDE	*usecases.GetPaymentHistoryUseCase <= github.com/RodolfoBonis/spooliq/features/admin/domain/usecases.NewGetPaymentHistoryUseCase() from module "admin"
[Fx] PROVIDE	*admin.Handler <= github.com/RodolfoBonis/spooliq/features/admin/di.init.func1() from module "admin"
[Fx] PROVIDE	repositories.SubscriptionRepository <= fx.Annotate(github.com/RodolfoBonis/spooliq/features/subscriptions/di.init.func1(), fx.As([[repositories.SubscriptionRepository]]) from module "subscriptions"
[Fx] INVOKE		github.com/RodolfoBonis/spooliq/core/observability.init.func1() from module "observability"
[Fx] BEFORE RUN	provide: go.uber.org/fx.New.func1()
[Fx] RUN	provide: go.uber.org/fx.New.func1() in 5.25µs
[Fx] BEFORE RUN	provide: github.com/RodolfoBonis/spooliq/core/logger.NewLogger() from module "logger"
[Fx] RUN	provide: github.com/RodolfoBonis/spooliq/core/logger.NewLogger() in 25µs from module "logger"
[Fx] BEFORE RUN	provide: github.com/RodolfoBonis/spooliq/core/observability.NewManager() from module "observability"
2025-10-15T00:49:52.862-0300	INFO	observability/observability.go:83	Observability disabled by configuration
[Fx] RUN	provide: github.com/RodolfoBonis/spooliq/core/observability.NewManager() in 450.792µs from module "observability"
[Fx] BEFORE RUN	provide: github.com/RodolfoBonis/spooliq/core/observability.NewHelper() from module "observability"
[Fx] RUN	provide: github.com/RodolfoBonis/spooliq/core/observability.NewHelper() in 9.084µs from module "observability"
[Fx] INVOKE		github.com/RodolfoBonis/spooliq/app.NewFxApp.func3()
[Fx] BEFORE RUN	provide: github.com/gin-gonic/gin.New()
[GIN-debug] [WARNING] Running in "debug" mode. Switch to "release" mode in production.
 - using env:	export GIN_MODE=release
 - using code:	gin.SetMode(gin.ReleaseMode)

[Fx] RUN	provide: github.com/gin-gonic/gin.New() in 20.875µs
[Fx] BEFORE RUN	provide: github.com/RodolfoBonis/spooliq/core/config.NewAppConfig() from module "config"
[Fx] RUN	provide: github.com/RodolfoBonis/spooliq/core/config.NewAppConfig() in 1.125292ms from module "config"
[Fx] BEFORE RUN	provide: github.com/RodolfoBonis/spooliq/core/services.NewAuthService() from module "services"
[Fx] RUN	provide: github.com/RodolfoBonis/spooliq/core/services.NewAuthService() in 38.75µs from module "services"
[Fx] BEFORE RUN	provide: github.com/RodolfoBonis/spooliq/features/auth/di.init.func1() from module "auth"
[Fx] RUN	provide: github.com/RodolfoBonis/spooliq/features/auth/di.init.func1() in 5.083µs from module "auth"
[Fx] BEFORE RUN	provide: github.com/RodolfoBonis/spooliq/core/services.NewKeycloakAdminService() from module "services"
[Fx] RUN	provide: github.com/RodolfoBonis/spooliq/core/services.NewKeycloakAdminService() in 47.959µs from module "services"
[Fx] BEFORE RUN	provide: github.com/RodolfoBonis/spooliq/core/services.NewAsaasService() from module "services"
[Fx] RUN	provide: github.com/RodolfoBonis/spooliq/core/services.NewAsaasService() in 11.041µs from module "services"
[Fx] BEFORE RUN	provide: github.com/RodolfoBonis/spooliq/core/services.init.func1() from module "services"
2025-10-15T00:49:52.881-0300	INFO	services/database_service.go:142	Database connection established	{"db_config": "host=localhost port=5432 user=user dbname=spooliq_db password=password sslmode=disable"}
[Fx] RUN	provide: github.com/RodolfoBonis/spooliq/core/services.init.func1() in 16.681125ms from module "services"
[Fx] BEFORE RUN	provide: github.com/RodolfoBonis/spooliq/features/company/data/repositories.NewCompanyRepository()
[Fx] RUN	provide: github.com/RodolfoBonis/spooliq/features/company/data/repositories.NewCompanyRepository() in 14.167µs
[Fx] BEFORE RUN	provide: github.com/RodolfoBonis/spooliq/features/users/di.init.func1() from module "users"
[Fx] RUN	provide: github.com/RodolfoBonis/spooliq/features/users/di.init.func1() in 5.75µs from module "users"
[Fx] BEFORE RUN	provide: github.com/RodolfoBonis/spooliq/features/auth/di.init.func2() from module "auth"
[Fx] RUN	provide: github.com/RodolfoBonis/spooliq/features/auth/di.init.func2() in 37.791µs from module "auth"
[Fx] BEFORE RUN	provide: fx.Annotate(github.com/RodolfoBonis/spooliq/features/brand/di.init.func1() from module "brand"
[Fx] RUN	provide: fx.Annotate(github.com/RodolfoBonis/spooliq/features/brand/di.init.func1() in 6.458µs from module "brand"
[Fx] BEFORE RUN	provide: fx.Annotate(github.com/RodolfoBonis/spooliq/features/brand/di.init.func2() from module "brand"
[Fx] RUN	provide: fx.Annotate(github.com/RodolfoBonis/spooliq/features/brand/di.init.func2() in 29.5µs from module "brand"
[Fx] BEFORE RUN	provide: github.com/RodolfoBonis/spooliq/features/budget/data/repositories.NewBudgetRepository() from module "budget"
[Fx] RUN	provide: github.com/RodolfoBonis/spooliq/features/budget/data/repositories.NewBudgetRepository() in 4.833µs from module "budget"
[Fx] BEFORE RUN	provide: github.com/RodolfoBonis/spooliq/features/customer/data/repositories.NewCustomerRepository() from module "customer"
[Fx] RUN	provide: github.com/RodolfoBonis/spooliq/features/customer/data/repositories.NewCustomerRepository() in 6.083µs from module "customer"
[Fx] BEFORE RUN	provide: github.com/RodolfoBonis/spooliq/app.NewFxApp.func1()
[Fx] RUN	provide: github.com/RodolfoBonis/spooliq/app.NewFxApp.func1() in 3.959µs
[Fx] BEFORE RUN	provide: github.com/RodolfoBonis/spooliq/app.NewFxApp.func2()
[Fx] RUN	provide: github.com/RodolfoBonis/spooliq/app.NewFxApp.func2() in 6.083µs
[Fx] BEFORE RUN	provide: github.com/RodolfoBonis/spooliq/features/budget/domain/usecases.NewBudgetUseCase() from module "budget"
[Fx] RUN	provide: github.com/RodolfoBonis/spooliq/features/budget/domain/usecases.NewBudgetUseCase() in 19.375µs from module "budget"
[Fx] BEFORE RUN	provide: github.com/RodolfoBonis/spooliq/features/company/di.init.func1()
[Fx] RUN	provide: github.com/RodolfoBonis/spooliq/features/company/di.init.func1() in 21.333µs
[Fx] BEFORE RUN	provide: github.com/RodolfoBonis/spooliq/features/customer/domain/usecases.NewCustomerUseCase() from module "customer"
[Fx] RUN	provide: github.com/RodolfoBonis/spooliq/features/customer/domain/usecases.NewCustomerUseCase() in 16.416µs from module "customer"
[Fx] BEFORE RUN	provide: fx.Annotate(github.com/RodolfoBonis/spooliq/features/filament/di.init.func1() from module "filament"
[Fx] RUN	provide: fx.Annotate(github.com/RodolfoBonis/spooliq/features/filament/di.init.func1() in 1.708µs from module "filament"
[Fx] BEFORE RUN	provide: fx.Annotate(github.com/RodolfoBonis/spooliq/features/filament/di.init.func2() from module "filament"
[Fx] RUN	provide: fx.Annotate(github.com/RodolfoBonis/spooliq/features/filament/di.init.func2() in 64.25µs from module "filament"
[Fx] BEFORE RUN	provide: fx.Annotate(github.com/RodolfoBonis/spooliq/features/material/di.init.func1() from module "material"
[Fx] RUN	provide: fx.Annotate(github.com/RodolfoBonis/spooliq/features/material/di.init.func1() in 11.583µs from module "material"
[Fx] BEFORE RUN	provide: fx.Annotate(github.com/RodolfoBonis/spooliq/features/material/di.init.func2() from module "material"
[Fx] RUN	provide: fx.Annotate(github.com/RodolfoBonis/spooliq/features/material/di.init.func2() in 16.292µs from module "material"
[Fx] BEFORE RUN	provide: github.com/RodolfoBonis/spooliq/features/uploads/di.init.func1()
[Fx] RUN	provide: github.com/RodolfoBonis/spooliq/features/uploads/di.init.func1() in 3.666µs
[Fx] BEFORE RUN	provide: fx.Annotate(github.com/RodolfoBonis/spooliq/features/preset/data/repositories.NewPresetRepository(), fx.As([[repositories.PresetRepository]]) from module "preset"
[Fx] RUN	provide: fx.Annotate(github.com/RodolfoBonis/spooliq/features/preset/data/repositories.NewPresetRepository(), fx.As([[repositories.PresetRepository]]) in 36.75µs from module "preset"
[Fx] BEFORE RUN	provide: github.com/RodolfoBonis/spooliq/features/preset/domain/usecases.NewCreatePresetUseCase() from module "preset"
[Fx] RUN	provide: github.com/RodolfoBonis/spooliq/features/preset/domain/usecases.NewCreatePresetUseCase() in 3.208µs from module "preset"
[Fx] BEFORE RUN	provide: github.com/RodolfoBonis/spooliq/features/preset/domain/usecases.NewFindPresetUseCase() from module "preset"
[Fx] RUN	provide: github.com/RodolfoBonis/spooliq/features/preset/domain/usecases.NewFindPresetUseCase() in 2.583µs from module "preset"
[Fx] BEFORE RUN	provide: github.com/RodolfoBonis/spooliq/features/preset/domain/usecases.NewUpdatePresetUseCase() from module "preset"
[Fx] RUN	provide: github.com/RodolfoBonis/spooliq/features/preset/domain/usecases.NewUpdatePresetUseCase() in 1.5µs from module "preset"
[Fx] BEFORE RUN	provide: github.com/RodolfoBonis/spooliq/features/preset/domain/usecases.NewDeletePresetUseCase() from module "preset"
[Fx] RUN	provide: github.com/RodolfoBonis/spooliq/features/preset/domain/usecases.NewDeletePresetUseCase() in 6.75µs from module "preset"
[Fx] BEFORE RUN	provide: github.com/RodolfoBonis/spooliq/features/preset.NewPresetHandler() from module "preset"
[Fx] RUN	provide: github.com/RodolfoBonis/spooliq/features/preset.NewPresetHandler() in 5.5µs from module "preset"
[Fx] BEFORE RUN	provide: github.com/RodolfoBonis/spooliq/features/webhooks/di.init.func1() from module "webhooks"
[Fx] RUN	provide: github.com/RodolfoBonis/spooliq/features/webhooks/di.init.func1() in 6.125µs from module "webhooks"
[Fx] BEFORE RUN	provide: github.com/RodolfoBonis/spooliq/features/webhooks.NewWebhookHandler() from module "webhooks"
[Fx] RUN	provide: github.com/RodolfoBonis/spooliq/features/webhooks.NewWebhookHandler() in 3.375µs from module "webhooks"
[Fx] BEFORE RUN	provide: github.com/RodolfoBonis/spooliq/features/users/domain/usecases.NewCreateUserUseCase() from module "users"
[Fx] RUN	provide: github.com/RodolfoBonis/spooliq/features/users/domain/usecases.NewCreateUserUseCase() in 15.917µs from module "users"
[Fx] BEFORE RUN	provide: github.com/RodolfoBonis/spooliq/features/users/domain/usecases.NewListUsersUseCase() from module "users"
[Fx] RUN	provide: github.com/RodolfoBonis/spooliq/features/users/domain/usecases.NewListUsersUseCase() in 3.958µs from module "users"
[Fx] BEFORE RUN	provide: github.com/RodolfoBonis/spooliq/features/users/domain/usecases.NewFindUserUseCase() from module "users"
[Fx] RUN	provide: github.com/RodolfoBonis/spooliq/features/users/domain/usecases.NewFindUserUseCase() in 1.916µs from module "users"
[Fx] BEFORE RUN	provide: github.com/RodolfoBonis/spooliq/features/users/domain/usecases.NewUpdateUserUseCase() from module "users"
[Fx] RUN	provide: github.com/RodolfoBonis/spooliq/features/users/domain/usecases.NewUpdateUserUseCase() in 13.792µs from module "users"
[Fx] BEFORE RUN	provide: github.com/RodolfoBonis/spooliq/features/users/domain/usecases.NewDeleteUserUseCase() from module "users"
[Fx] RUN	provide: github.com/RodolfoBonis/spooliq/features/users/domain/usecases.NewDeleteUserUseCase() in 2.25µs from module "users"
[Fx] BEFORE RUN	provide: github.com/RodolfoBonis/spooliq/features/users/di.init.func2() from module "users"
[Fx] RUN	provide: github.com/RodolfoBonis/spooliq/features/users/di.init.func2() in 2.125µs from module "users"
[Fx] BEFORE RUN	provide: github.com/RodolfoBonis/spooliq/features/admin/domain/usecases.NewListCompaniesUseCase() from module "admin"
[Fx] RUN	provide: github.com/RodolfoBonis/spooliq/features/admin/domain/usecases.NewListCompaniesUseCase() in 3.625µs from module "admin"
[Fx] BEFORE RUN	provide: github.com/RodolfoBonis/spooliq/features/admin/domain/usecases.NewGetCompanyDetailsUseCase() from module "admin"
[Fx] RUN	provide: github.com/RodolfoBonis/spooliq/features/admin/domain/usecases.NewGetCompanyDetailsUseCase() in 3.333µs from module "admin"
[Fx] BEFORE RUN	provide: github.com/RodolfoBonis/spooliq/features/admin/domain/usecases.NewUpdateCompanyStatusUseCase() from module "admin"
[Fx] RUN	provide: github.com/RodolfoBonis/spooliq/features/admin/domain/usecases.NewUpdateCompanyStatusUseCase() in 12.375µs from module "admin"
[Fx] BEFORE RUN	provide: github.com/RodolfoBonis/spooliq/features/admin/domain/usecases.NewListSubscriptionsUseCase() from module "admin"
[Fx] RUN	provide: github.com/RodolfoBonis/spooliq/features/admin/domain/usecases.NewListSubscriptionsUseCase() in 1.791µs from module "admin"
[Fx] BEFORE RUN	provide: fx.Annotate(github.com/RodolfoBonis/spooliq/features/subscriptions/di.init.func1(), fx.As([[repositories.SubscriptionRepository]]) from module "subscriptions"
[Fx] RUN	provide: fx.Annotate(github.com/RodolfoBonis/spooliq/features/subscriptions/di.init.func1(), fx.As([[repositories.SubscriptionRepository]]) in 5.667µs from module "subscriptions"
[Fx] BEFORE RUN	provide: github.com/RodolfoBonis/spooliq/features/admin/domain/usecases.NewGetSubscriptionDetailsUseCase() from module "admin"
[Fx] RUN	provide: github.com/RodolfoBonis/spooliq/features/admin/domain/usecases.NewGetSubscriptionDetailsUseCase() in 2.166µs from module "admin"
[Fx] BEFORE RUN	provide: github.com/RodolfoBonis/spooliq/features/admin/domain/usecases.NewGetPaymentHistoryUseCase() from module "admin"
[Fx] RUN	provide: github.com/RodolfoBonis/spooliq/features/admin/domain/usecases.NewGetPaymentHistoryUseCase() in 1.75µs from module "admin"
[Fx] BEFORE RUN	provide: github.com/RodolfoBonis/spooliq/features/admin/di.init.func1() from module "admin"
[Fx] RUN	provide: github.com/RodolfoBonis/spooliq/features/admin/di.init.func1() in 3.667µs from module "admin"
[Fx] BEFORE RUN	provide: github.com/RodolfoBonis/spooliq/core/middlewares.NewMonitoringMiddleware() from module "middlewares"
[Fx] RUN	provide: github.com/RodolfoBonis/spooliq/core/middlewares.NewMonitoringMiddleware() in 3.708µs from module "middlewares"
[Fx] BEFORE RUN	provide: github.com/RodolfoBonis/spooliq/core/services.NewRedisService() from module "services"
[Fx] RUN	provide: github.com/RodolfoBonis/spooliq/core/services.NewRedisService() in 4µs from module "services"
[Fx] BEFORE RUN	provide: github.com/RodolfoBonis/spooliq/core/middlewares.NewCacheMiddleware() from module "middlewares"
[Fx] RUN	provide: github.com/RodolfoBonis/spooliq/core/middlewares.NewCacheMiddleware() in 2µs from module "middlewares"
[Fx] BEFORE RUN	provide: github.com/RodolfoBonis/spooliq/core/middlewares.NewSubscriptionMiddleware() from module "middlewares"
[Fx] RUN	provide: github.com/RodolfoBonis/spooliq/core/middlewares.NewSubscriptionMiddleware() in 2.291µs from module "middlewares"
[Fx] BEFORE RUN	provide: github.com/RodolfoBonis/spooliq/core/middlewares.NewProtectMiddleware() from module "middlewares"
[Fx] RUN	provide: github.com/RodolfoBonis/spooliq/core/middlewares.NewProtectMiddleware() in 2.5µs from module "middlewares"
2025-10-15T00:49:52.886-0300	INFO	services/redis_service.go:68	Redis connected successfully with OpenTelemetry instrumentation	{"redis_host": "localhost", "redis_port": "6379"}
[GIN-debug] GET    /v1/docs/*any             --> github.com/swaggo/gin-swagger.CustomWrapHandler.func1 (6 handlers)
[GIN-debug] GET    /metrics                  --> github.com/RodolfoBonis/spooliq/routes.InitializeRoutes.WrapH.func1 (6 handlers)
[GIN-debug] GET    /v1/health_check          --> github.com/RodolfoBonis/spooliq/core/health.Routes.func1 (6 handlers)
[GIN-debug] POST   /v1/register              --> github.com/RodolfoBonis/spooliq/features/auth/domain/usecases.(*RegisterUseCase).Register-fm (6 handlers)
[GIN-debug] POST   /v1/login                 --> github.com/RodolfoBonis/spooliq/features/auth/domain/usecases.AuthUseCase.ValidateLogin-fm (6 handlers)
[GIN-debug] POST   /v1/logout                --> github.com/RodolfoBonis/spooliq/core/middlewares.NewProtectMiddleware.func1.1 (6 handlers)
[GIN-debug] POST   /v1/refresh               --> github.com/RodolfoBonis/spooliq/core/middlewares.NewProtectMiddleware.func1.1 (6 handlers)
[GIN-debug] POST   /v1/validate_token        --> github.com/RodolfoBonis/spooliq/core/middlewares.NewProtectMiddleware.func1.1 (6 handlers)
[GIN-debug] GET    /v1/brands                --> github.com/RodolfoBonis/spooliq/features/brand.Routes.(*CacheMiddleware).Cache15Min.(*CacheMiddleware).Cache.func1 (7 handlers)
[GIN-debug] GET    /v1/brands/:id            --> github.com/RodolfoBonis/spooliq/features/brand.Routes.(*CacheMiddleware).Cache1Hour.(*CacheMiddleware).Cache.func2 (7 handlers)
[GIN-debug] POST   /v1/brands                --> github.com/RodolfoBonis/spooliq/core/middlewares.NewProtectMiddleware.func1.1 (6 handlers)
[GIN-debug] PUT    /v1/brands/:id            --> github.com/RodolfoBonis/spooliq/core/middlewares.NewProtectMiddleware.func1.1 (6 handlers)
[GIN-debug] DELETE /v1/brands/:id            --> github.com/RodolfoBonis/spooliq/core/middlewares.NewProtectMiddleware.func1.1 (6 handlers)
[GIN-debug] POST   /v1/budgets               --> github.com/RodolfoBonis/spooliq/core/middlewares.NewProtectMiddleware.func1.1 (6 handlers)
[GIN-debug] GET    /v1/budgets               --> github.com/RodolfoBonis/spooliq/core/middlewares.NewProtectMiddleware.func1.1 (6 handlers)
[GIN-debug] GET    /v1/budgets/:id           --> github.com/RodolfoBonis/spooliq/core/middlewares.NewProtectMiddleware.func1.1 (6 handlers)
[GIN-debug] PUT    /v1/budgets/:id           --> github.com/RodolfoBonis/spooliq/core/middlewares.NewProtectMiddleware.func1.1 (6 handlers)
[GIN-debug] PATCH  /v1/budgets/:id/status    --> github.com/RodolfoBonis/spooliq/core/middlewares.NewProtectMiddleware.func1.1 (6 handlers)
[GIN-debug] POST   /v1/budgets/:id/duplicate --> github.com/RodolfoBonis/spooliq/core/middlewares.NewProtectMiddleware.func1.1 (6 handlers)
[GIN-debug] GET    /v1/budgets/:id/calculate --> github.com/RodolfoBonis/spooliq/core/middlewares.NewProtectMiddleware.func1.1 (6 handlers)
[GIN-debug] GET    /v1/budgets/:id/history   --> github.com/RodolfoBonis/spooliq/core/middlewares.NewProtectMiddleware.func1.1 (6 handlers)
[GIN-debug] GET    /v1/budgets/by-customer/:customer_id --> github.com/RodolfoBonis/spooliq/core/middlewares.NewProtectMiddleware.func1.1 (6 handlers)
[GIN-debug] GET    /v1/budgets/:id/pdf       --> github.com/RodolfoBonis/spooliq/core/middlewares.NewProtectMiddleware.func1.1 (6 handlers)
[GIN-debug] DELETE /v1/budgets/:id           --> github.com/RodolfoBonis/spooliq/core/middlewares.NewProtectMiddleware.func1.1 (6 handlers)
[GIN-debug] POST   /v1/company/              --> github.com/RodolfoBonis/spooliq/core/middlewares.NewProtectMiddleware.func1.1 (6 handlers)
[GIN-debug] GET    /v1/company/              --> github.com/RodolfoBonis/spooliq/core/middlewares.NewProtectMiddleware.func1.1 (6 handlers)
[GIN-debug] PUT    /v1/company/              --> github.com/RodolfoBonis/spooliq/core/middlewares.NewProtectMiddleware.func1.1 (6 handlers)
[GIN-debug] POST   /v1/customers             --> github.com/RodolfoBonis/spooliq/core/middlewares.NewProtectMiddleware.func1.1 (6 handlers)
[GIN-debug] GET    /v1/customers             --> github.com/RodolfoBonis/spooliq/core/middlewares.NewProtectMiddleware.func1.1 (6 handlers)
[GIN-debug] GET    /v1/customers/search      --> github.com/RodolfoBonis/spooliq/core/middlewares.NewProtectMiddleware.func1.1 (6 handlers)
[GIN-debug] GET    /v1/customers/:id         --> github.com/RodolfoBonis/spooliq/core/middlewares.NewProtectMiddleware.func1.1 (6 handlers)
[GIN-debug] PUT    /v1/customers/:id         --> github.com/RodolfoBonis/spooliq/core/middlewares.NewProtectMiddleware.func1.1 (6 handlers)
[GIN-debug] DELETE /v1/customers/:id         --> github.com/RodolfoBonis/spooliq/core/middlewares.NewProtectMiddleware.func1.1 (6 handlers)
[GIN-debug] GET    /v1/filaments             --> github.com/RodolfoBonis/spooliq/features/filament.Routes.(*CacheMiddleware).Cache5Min.(*CacheMiddleware).Cache.func1 (7 handlers)
[GIN-debug] GET    /v1/filaments/search      --> github.com/RodolfoBonis/spooliq/features/filament.Routes.(*CacheMiddleware).Cache5Min.(*CacheMiddleware).Cache.func2 (7 handlers)
[GIN-debug] GET    /v1/filaments/:id         --> github.com/RodolfoBonis/spooliq/features/filament.Routes.(*CacheMiddleware).Cache15Min.(*CacheMiddleware).Cache.func3 (7 handlers)
[GIN-debug] POST   /v1/filaments             --> github.com/RodolfoBonis/spooliq/core/middlewares.NewProtectMiddleware.func1.1 (6 handlers)
[GIN-debug] PUT    /v1/filaments/:id         --> github.com/RodolfoBonis/spooliq/core/middlewares.NewProtectMiddleware.func1.1 (6 handlers)
[GIN-debug] DELETE /v1/filaments/:id         --> github.com/RodolfoBonis/spooliq/core/middlewares.NewProtectMiddleware.func1.1 (6 handlers)
[GIN-debug] GET    /v1/materials             --> github.com/RodolfoBonis/spooliq/features/material.Routes.(*CacheMiddleware).Cache15Min.(*CacheMiddleware).Cache.func1 (7 handlers)
[GIN-debug] GET    /v1/materials/:id         --> github.com/RodolfoBonis/spooliq/features/material.Routes.(*CacheMiddleware).Cache1Hour.(*CacheMiddleware).Cache.func2 (7 handlers)
[GIN-debug] POST   /v1/materials             --> github.com/RodolfoBonis/spooliq/core/middlewares.NewProtectMiddleware.func1.1 (6 handlers)
[GIN-debug] PUT    /v1/materials/:id         --> github.com/RodolfoBonis/spooliq/core/middlewares.NewProtectMiddleware.func1.1 (6 handlers)
[GIN-debug] DELETE /v1/materials/:id         --> github.com/RodolfoBonis/spooliq/core/middlewares.NewProtectMiddleware.func1.1 (6 handlers)
[GIN-debug] GET    /v1/presets               --> github.com/RodolfoBonis/spooliq/core/middlewares.NewProtectMiddleware.func1.1 (6 handlers)
[GIN-debug] GET    /v1/presets/:id           --> github.com/RodolfoBonis/spooliq/core/middlewares.NewProtectMiddleware.func1.1 (6 handlers)
[GIN-debug] DELETE /v1/presets/:id           --> github.com/RodolfoBonis/spooliq/core/middlewares.NewProtectMiddleware.func1.1 (6 handlers)
[GIN-debug] POST   /v1/presets/machines      --> github.com/RodolfoBonis/spooliq/core/middlewares.NewProtectMiddleware.func1.1 (6 handlers)
[GIN-debug] GET    /v1/presets/machines      --> github.com/RodolfoBonis/spooliq/core/middlewares.NewProtectMiddleware.func1.1 (6 handlers)
[GIN-debug] GET    /v1/presets/machines/:id  --> github.com/RodolfoBonis/spooliq/core/middlewares.NewProtectMiddleware.func1.1 (6 handlers)
[GIN-debug] PUT    /v1/presets/machines/:id  --> github.com/RodolfoBonis/spooliq/core/middlewares.NewProtectMiddleware.func1.1 (6 handlers)
[GIN-debug] GET    /v1/presets/machines/brand/:brand --> github.com/RodolfoBonis/spooliq/core/middlewares.NewProtectMiddleware.func1.1 (6 handlers)
[GIN-debug] POST   /v1/presets/energy        --> github.com/RodolfoBonis/spooliq/core/middlewares.NewProtectMiddleware.func1.1 (6 handlers)
[GIN-debug] GET    /v1/presets/energy        --> github.com/RodolfoBonis/spooliq/core/middlewares.NewProtectMiddleware.func1.1 (6 handlers)
[GIN-debug] GET    /v1/presets/energy/:id    --> github.com/RodolfoBonis/spooliq/core/middlewares.NewProtectMiddleware.func1.1 (6 handlers)
[GIN-debug] PUT    /v1/presets/energy/:id    --> github.com/RodolfoBonis/spooliq/core/middlewares.NewProtectMiddleware.func1.1 (6 handlers)
[GIN-debug] GET    /v1/presets/energy/location --> github.com/RodolfoBonis/spooliq/core/middlewares.NewProtectMiddleware.func1.1 (6 handlers)
[GIN-debug] GET    /v1/presets/energy/currency/:currency --> github.com/RodolfoBonis/spooliq/core/middlewares.NewProtectMiddleware.func1.1 (6 handlers)
[GIN-debug] POST   /v1/presets/costs         --> github.com/RodolfoBonis/spooliq/core/middlewares.NewProtectMiddleware.func1.1 (6 handlers)
[GIN-debug] GET    /v1/presets/costs         --> github.com/RodolfoBonis/spooliq/core/middlewares.NewProtectMiddleware.func1.1 (6 handlers)
[GIN-debug] GET    /v1/presets/costs/:id     --> github.com/RodolfoBonis/spooliq/core/middlewares.NewProtectMiddleware.func1.1 (6 handlers)
[GIN-debug] PUT    /v1/presets/costs/:id     --> github.com/RodolfoBonis/spooliq/core/middlewares.NewProtectMiddleware.func1.1 (6 handlers)
[GIN-debug] POST   /v1/uploads/logo          --> github.com/RodolfoBonis/spooliq/core/middlewares.NewProtectMiddleware.func1.1 (6 handlers)
[GIN-debug] POST   /v1/uploads/file          --> github.com/RodolfoBonis/spooliq/core/middlewares.NewProtectMiddleware.func1.1 (6 handlers)
[GIN-debug] GET    /v1/users                 --> github.com/RodolfoBonis/spooliq/core/middlewares.NewProtectMiddleware.func1.1 (6 handlers)
[GIN-debug] GET    /v1/users/:id             --> github.com/RodolfoBonis/spooliq/core/middlewares.NewProtectMiddleware.func1.1 (6 handlers)
[GIN-debug] POST   /v1/users                 --> github.com/RodolfoBonis/spooliq/core/middlewares.NewProtectMiddleware.func1.1 (6 handlers)
[GIN-debug] PUT    /v1/users/:id             --> github.com/RodolfoBonis/spooliq/core/middlewares.NewProtectMiddleware.func1.1 (6 handlers)
[GIN-debug] DELETE /v1/users/:id             --> github.com/RodolfoBonis/spooliq/core/middlewares.NewProtectMiddleware.func1.1 (6 handlers)
[GIN-debug] POST   /v1/webhooks/asaas        --> github.com/RodolfoBonis/spooliq/features/webhooks/domain/usecases.(*AsaasWebhookUseCase).HandleWebhook-fm (6 handlers)
[GIN-debug] GET    /v1/admin/companies       --> github.com/RodolfoBonis/spooliq/core/middlewares.NewProtectMiddleware.func1.1 (6 handlers)
[GIN-debug] GET    /v1/admin/companies/:organization_id --> github.com/RodolfoBonis/spooliq/core/middlewares.NewProtectMiddleware.func1.1 (6 handlers)
[GIN-debug] PATCH  /v1/admin/companies/:organization_id/status --> github.com/RodolfoBonis/spooliq/core/middlewares.NewProtectMiddleware.func1.1 (6 handlers)
[GIN-debug] GET    /v1/admin/subscriptions   --> github.com/RodolfoBonis/spooliq/core/middlewares.NewProtectMiddleware.func1.1 (6 handlers)
[GIN-debug] GET    /v1/admin/subscriptions/:organization_id --> github.com/RodolfoBonis/spooliq/core/middlewares.NewProtectMiddleware.func1.1 (6 handlers)
[GIN-debug] GET    /v1/admin/subscriptions/:organization_id/payments --> github.com/RodolfoBonis/spooliq/core/middlewares.NewProtectMiddleware.func1.1 (6 handlers)
2025-10-15T00:49:52.973-0300	INFO	app/hooks.go:136	Routes initialized after middleware setup
[Fx] INVOKE		github.com/RodolfoBonis/spooliq/app.InitAndRun.func1()
[Fx] BEFORE RUN	provide: github.com/RodolfoBonis/spooliq/core/services.NewAmqpService() from module "services"
[Fx] RUN	provide: github.com/RodolfoBonis/spooliq/core/services.NewAmqpService() in 24.042µs from module "services"
[Fx] HOOK OnStart		github.com/RodolfoBonis/spooliq/core/observability.init.func1.1() executing (caller: github.com/RodolfoBonis/spooliq/core/observability.init.func1)
[Fx] HOOK OnStart		github.com/RodolfoBonis/spooliq/core/observability.init.func1.1() called by github.com/RodolfoBonis/spooliq/core/observability.init.func1 ran successfully in 1.625µs
[Fx] HOOK OnStart		github.com/RodolfoBonis/spooliq/app.SetupMiddlewaresAndRoutes.func1() executing (caller: github.com/RodolfoBonis/spooliq/app.SetupMiddlewaresAndRoutes)
2025-10-15T00:49:52.974-0300	INFO	app/hooks.go:142	Application started with enhanced observability	{"observability_enabled": false, "auto_instrumentation": true}
[Fx] HOOK OnStart		github.com/RodolfoBonis/spooliq/app.SetupMiddlewaresAndRoutes.func1() called by github.com/RodolfoBonis/spooliq/app.SetupMiddlewaresAndRoutes ran successfully in 8.916µs
[Fx] HOOK OnStart		github.com/RodolfoBonis/spooliq/app.InitAndRun.func1.1() executing (caller: github.com/RodolfoBonis/spooliq/app.InitAndRun.func1)
2025-10-15T00:49:52.974-0300	INFO	app/init.go:45	📊 Database connection verified
2025-10-15T00:49:52.974-0300	INFO	app/init.go:47	Running migrations...
2025-10-15T00:49:53.107-0300	INFO	app/init.go:51	Migrations done
[Fx] HOOK OnStart		github.com/RodolfoBonis/spooliq/app.InitAndRun.func1.1() called by github.com/RodolfoBonis/spooliq/app.InitAndRun.func1 ran successfully in 133.20875ms
[Fx] RUNNING
[GIN-debug] Listening and serving HTTP on :8080
2025-10-15T00:50:00.921-0300	INFO	usecases/register_uc.go:66	Registration attempt started	{"user_agent": "curl/8.15.0", "ip": "::1"}
2025-10-15T00:50:00.925-0300	INFO	usecases/register_uc.go:115	Creating new organization	{"organization_id": "bf86d074-39be-430c-8579-33bf603a2b31", "company_name": "Impressões 3D Premium LTDA"}
2025-10-15T00:50:00.925-0300	INFO	usecases/register_uc.go:270	Creating Keycloak user	{"email": "admin@impressoes3d.com.br", "organization_id": "bf86d074-39be-430c-8579-33bf603a2b31"}
2025-10-15T00:50:01.145-0300	INFO	usecases/register_uc.go:308	Keycloak user created	{"user_id": "2fba3479-a75a-403e-b43e-40d2b4d53d61", "email": "admin@impressoes3d.com.br"}
2025-10-15T00:50:01.396-0300	INFO	usecases/register_uc.go:371	Keycloak user setup completed	{"user_id": "2fba3479-a75a-403e-b43e-40d2b4d53d61", "email": "admin@impressoes3d.com.br"}
2025-10-15T00:50:01.405-0300	INFO	usecases/register_uc.go:234	Asaas integration disabled for testing - trial mode only
2025-10-15T00:50:01.405-0300	INFO	usecases/register_uc.go:236	Registration completed successfully	{"organization_id": "bf86d074-39be-430c-8579-33bf603a2b31", "email": "admin@impressoes3d.com.br", "user_id": "0af2e24e-c176-40b6-9dbd-176ed4b6382b"}
[GIN] 2025/10/15 - 00:50:01 | 201 |  484.621708ms |             ::1 | POST     "/v1/register"
2025-10-15T00:50:01.474-0300	INFO	usecases/login_uc.go:35	Login attempt started	{"ip": "::1", "user_agent": "curl/8.15.0"}
2025-10-15T00:50:01.583-0300	INFO	usecases/login_uc.go:77	Login successful	{"user_agent": "curl/8.15.0", "email": "admin@impressoes3d.com.br", "ip": "::1"}
[GIN] 2025/10/15 - 00:50:01 | 200 |  109.827458ms |             ::1 | POST     "/v1/login"
2025-10-15T00:50:01.693-0300	INFO	middlewares/auth_middleware.go:138	Auth success	{"user_roles": ["default-roles-spooliq","Owner","offline_access","uma_authorization"], "user_id": "2fba3479-a75a-403e-b43e-40d2b4d53d61", "email": "admin@impressoes3d.com.br", "request_id": "259160d9-c9c0-48f9-bc05-6c3fb798e2c5", "ip": "::1", "matched_role": "Owner", "required_roles": ["Owner", "OrgAdmin", "User"]}
2025-10-15T00:50:01.697-0300	INFO	usecases/get_company_uc.go:25	Company retrieval attempt started	{"user_agent": "curl/8.15.0", "ip": "::1"}
2025-10-15T00:50:01.700-0300	INFO	usecases/get_company_uc.go:58	Company retrieved successfully	{"organization_id": "bf86d074-39be-430c-8579-33bf603a2b31", "company_id": "da620e6d-2829-4baa-be08-eefbd39ab6da"}
[GIN] 2025/10/15 - 00:50:01 | 200 |   33.589416ms |             ::1 | GET      "/v1/company/"
2025-10-15T00:50:01.782-0300	INFO	middlewares/auth_middleware.go:138	Auth success	{"required_roles": ["Owner", "OrgAdmin"], "user_roles": ["default-roles-spooliq","Owner","offline_access","uma_authorization"], "user_id": "2fba3479-a75a-403e-b43e-40d2b4d53d61", "email": "admin@impressoes3d.com.br", "request_id": "1d06a4d5-a482-4e98-aa07-4762e6f1c5ea", "ip": "::1", "matched_role": "Owner"}
2025-10-15T00:50:01.785-0300	INFO	usecases/update_company_uc.go:28	Company update attempt started	{"user_agent": "curl/8.15.0", "ip": "::1"}
2025-10-15T00:50:01.790-0300	INFO	usecases/update_company_uc.go:134	Company updated successfully	{"company_id": "da620e6d-2829-4baa-be08-eefbd39ab6da", "organization_id": "bf86d074-39be-430c-8579-33bf603a2b31"}
[GIN] 2025/10/15 - 00:50:01 | 200 |    14.95775ms |             ::1 | PUT      "/v1/company/"
2025-10-15T00:50:01.851-0300	INFO	middlewares/auth_middleware.go:138	Auth success	{"required_roles": ["Owner", "OrgAdmin"], "user_roles": ["default-roles-spooliq","Owner","offline_access","uma_authorization"], "user_id": "2fba3479-a75a-403e-b43e-40d2b4d53d61", "email": "admin@impressoes3d.com.br", "request_id": "a485393f-ea58-4b26-b17f-f34549f1a570", "ip": "::1", "matched_role": "Owner"}
2025-10-15T00:50:01.855-0300	INFO	usecases/create_brand_uc.go:39	Brand creation attempt started	{"user_agent": "curl/8.15.0", "ip": "::1"}
2025-10-15T00:50:01.861-0300	INFO	usecases/create_brand_uc.go:119	Brand created successfully	{"brand_id": "112044bd-d5d8-4388-93a0-ae42de585c1d", "brand_name": "Bambu Lab"}
[GIN] 2025/10/15 - 00:50:01 | 201 |   19.119666ms |             ::1 | POST     "/v1/brands"
2025-10-15T00:50:01.932-0300	INFO	middlewares/auth_middleware.go:138	Auth success	{"required_roles": ["Owner", "OrgAdmin"], "user_roles": ["default-roles-spooliq","Owner","offline_access","uma_authorization"], "user_id": "2fba3479-a75a-403e-b43e-40d2b4d53d61", "email": "admin@impressoes3d.com.br", "request_id": "3e11ee29-e054-426c-98cf-722f6d931380", "ip": "::1", "matched_role": "Owner"}
2025-10-15T00:50:01.935-0300	INFO	usecases/create_material_uc.go:40	Material creation attempt started	{"ip": "::1", "user_agent": "curl/8.15.0"}
2025-10-15T00:50:01.941-0300	INFO	usecases/create_material_uc.go:127	Material created successfully	{"material_id": "9da99667-86da-45af-9221-420d8695b402", "material_name": "PLA"}
[GIN] 2025/10/15 - 00:50:01 | 201 |    16.38125ms |             ::1 | POST     "/v1/materials"
2025-10-15T00:50:02.022-0300	INFO	middlewares/auth_middleware.go:138	Auth success	{"matched_role": "Owner", "required_roles": ["Owner", "OrgAdmin", "User"], "user_roles": ["default-roles-spooliq","Owner","offline_access","uma_authorization"], "user_id": "2fba3479-a75a-403e-b43e-40d2b4d53d61", "email": "admin@impressoes3d.com.br", "request_id": "44e633d5-6819-4442-9f0e-c1b55629daef", "ip": "::1"}
2025-10-15T00:50:02.025-0300	INFO	usecases/create_filament_uc.go:32	Filament creation attempt started	{"user_agent": "curl/8.15.0", "ip": "::1"}
2025-10-15T00:50:02.031-0300	INFO	usecases/create_filament_uc.go:189	Filament created successfully	{"filament_id": "86c0db2f-ebd4-486e-8ab0-f35e8f29c609", "filament_name": "PLA Vermelho Ferrari", "owner_user_id": "2fba3479-a75a-403e-b43e-40d2b4d53d61", "is_global": false}
[GIN] 2025/10/15 - 00:50:02 | 201 |   33.894584ms |             ::1 | POST     "/v1/filaments"
2025-10-15T00:50:02.100-0300	INFO	middlewares/auth_middleware.go:138	Auth success	{"user_id": "2fba3479-a75a-403e-b43e-40d2b4d53d61", "email": "admin@impressoes3d.com.br", "request_id": "875eb3fa-84be-47fc-a133-10484d6e69e3", "ip": "::1", "matched_role": "Owner", "required_roles": ["Owner", "OrgAdmin", "User"], "user_roles": ["default-roles-spooliq","Owner","offline_access","uma_authorization"]}
2025-10-15T00:50:02.102-0300	INFO	usecases/create_filament_uc.go:32	Filament creation attempt started	{"ip": "::1", "user_agent": "curl/8.15.0"}
2025-10-15T00:50:02.107-0300	INFO	usecases/create_filament_uc.go:189	Filament created successfully	{"is_global": false, "filament_id": "d57de088-a290-4162-ad41-fabadc30f309", "filament_name": "PLA Branco", "owner_user_id": "2fba3479-a75a-403e-b43e-40d2b4d53d61"}
[GIN] 2025/10/15 - 00:50:02 | 201 |      15.055ms |             ::1 | POST     "/v1/filaments"
2025-10-15T00:50:02.157-0300	INFO	middlewares/auth_middleware.go:138	Auth success	{"user_id": "2fba3479-a75a-403e-b43e-40d2b4d53d61", "email": "admin@impressoes3d.com.br", "request_id": "cb591b15-bbe3-4759-9077-d3bb5c68f329", "ip": "::1", "matched_role": "Owner", "required_roles": ["Owner", "OrgAdmin", "User"], "user_roles": ["default-roles-spooliq","Owner","offline_access","uma_authorization"]}
[GIN] 2025/10/15 - 00:50:02 | 201 |   18.051542ms |             ::1 | POST     "/v1/presets/machines"
2025-10-15T00:50:02.227-0300	INFO	middlewares/auth_middleware.go:138	Auth success	{"matched_role": "Owner", "required_roles": ["Owner", "OrgAdmin", "User"], "user_roles": ["default-roles-spooliq","Owner","offline_access","uma_authorization"], "user_id": "2fba3479-a75a-403e-b43e-40d2b4d53d61", "email": "admin@impressoes3d.com.br", "request_id": "1f59865d-146c-4551-a2ff-a5a5aea4d8ca", "ip": "::1"}
[GIN] 2025/10/15 - 00:50:02 | 201 |    24.57725ms |             ::1 | POST     "/v1/presets/energy"
2025-10-15T00:50:02.286-0300	INFO	middlewares/auth_middleware.go:138	Auth success	{"email": "admin@impressoes3d.com.br", "request_id": "44f1e796-df49-429b-9bfd-23fb23d9c662", "ip": "::1", "matched_role": "Owner", "required_roles": ["Owner", "OrgAdmin", "User"], "user_roles": ["default-roles-spooliq","Owner","offline_access","uma_authorization"], "user_id": "2fba3479-a75a-403e-b43e-40d2b4d53d61"}
[GIN] 2025/10/15 - 00:50:02 | 201 |   15.458916ms |             ::1 | POST     "/v1/presets/costs"
2025-10-15T00:50:02.346-0300	INFO	middlewares/auth_middleware.go:138	Auth success	{"required_roles": ["Owner", "OrgAdmin", "User"], "user_roles": ["default-roles-spooliq","Owner","offline_access","uma_authorization"], "user_id": "2fba3479-a75a-403e-b43e-40d2b4d53d61", "email": "admin@impressoes3d.com.br", "request_id": "68ae791c-2790-4876-9370-27721f7b43b4", "ip": "::1", "matched_role": "Owner"}
2025-10-15T00:50:02.349-0300	INFO	usecases/create_customer_uc.go:30	Customer creation attempt started	{"ip": "::1", "user_agent": "curl/8.15.0"}
2025-10-15T00:50:02.354-0300	INFO	usecases/create_customer_uc.go:122	Customer created successfully	{"customer_id": "9de81c0b-1e8a-4a8b-9625-2f8a74e3db16", "name": "Maria Souza"}
[GIN] 2025/10/15 - 00:50:02 | 201 |    15.08325ms |             ::1 | POST     "/v1/customers"
2025-10-15T00:50:02.410-0300	INFO	middlewares/auth_middleware.go:138	Auth success	{"user_id": "2fba3479-a75a-403e-b43e-40d2b4d53d61", "email": "admin@impressoes3d.com.br", "request_id": "f753c9cb-b42d-4cfb-a6b8-8ff9f9d0456a", "ip": "::1", "matched_role": "Owner", "required_roles": ["Owner", "OrgAdmin", "User"], "user_roles": ["default-roles-spooliq","Owner","offline_access","uma_authorization"]}
2025-10-15T00:50:02.413-0300	INFO	usecases/create_budget_uc.go:30	Budget creation attempt started	{"user_agent": "curl/8.15.0", "ip": "::1"}
2025-10-15T00:50:02.439-0300	INFO	usecases/create_budget_uc.go:190	Budget created successfully	{"budget_id": "481b1e54-362c-4b15-8ca2-c17d12885a23", "name": "Chaveiros Personalizados - Outubro Rosa"}
[GIN] 2025/10/15 - 00:50:02 | 201 |   36.475375ms |             ::1 | POST     "/v1/budgets"
2025-10-15T00:50:02.523-0300	INFO	middlewares/auth_middleware.go:138	Auth success	{"email": "admin@impressoes3d.com.br", "request_id": "70e4ca9f-3dae-49e2-aadf-c5e8456444d5", "ip": "::1", "matched_role": "Owner", "required_roles": ["Owner", "OrgAdmin", "User"], "user_roles": ["default-roles-spooliq","Owner","offline_access","uma_authorization"], "user_id": "2fba3479-a75a-403e-b43e-40d2b4d53d61"}
2025-10-15T00:50:02.528-0300	INFO	usecases/generate_pdf_uc.go:38	PDF generation attempt started	{"user_agent": "curl/8.15.0", "ip": "::1"}
2025-10-15T00:50:02.528-0300	ERROR	usecases/generate_pdf_uc.go:47	Invalid budget ID format	{"budget_id": "null"}
github.com/RodolfoBonis/spooliq/features/budget/domain/usecases.(*BudgetUseCase).GeneratePDF
	/Users/rodolfodebonis/Documents/projects/spooliq copy/features/budget/domain/usecases/generate_pdf_uc.go:47
github.com/RodolfoBonis/spooliq/core/middlewares.NewProtectMiddleware.func1.1
	/Users/rodolfodebonis/Documents/projects/spooliq copy/core/middlewares/auth_middleware.go:167
github.com/gin-gonic/gin.(*Context).Next
	/Users/rodolfodebonis/go/pkg/mod/github.com/gin-gonic/gin@v1.10.1/context.go:185
github.com/RodolfoBonis/spooliq/app.SetupMiddlewaresAndRoutes.ErrorLogger.ErrorLoggerT.func5
	/Users/rodolfodebonis/go/pkg/mod/github.com/gin-gonic/gin@v1.10.1/logger.go:181
github.com/gin-gonic/gin.(*Context).Next
	/Users/rodolfodebonis/go/pkg/mod/github.com/gin-gonic/gin@v1.10.1/context.go:185
github.com/gin-gonic/gin.CustomRecoveryWithWriter.func1
	/Users/rodolfodebonis/go/pkg/mod/github.com/gin-gonic/gin@v1.10.1/recovery.go:102
github.com/gin-gonic/gin.(*Context).Next
	/Users/rodolfodebonis/go/pkg/mod/github.com/gin-gonic/gin@v1.10.1/context.go:185
github.com/gin-gonic/gin.LoggerWithConfig.func1
	/Users/rodolfodebonis/go/pkg/mod/github.com/gin-gonic/gin@v1.10.1/logger.go:249
github.com/gin-gonic/gin.(*Context).Next
	/Users/rodolfodebonis/go/pkg/mod/github.com/gin-gonic/gin@v1.10.1/context.go:185
github.com/RodolfoBonis/spooliq/core/middlewares.(*MonitoringMiddleware).LogMiddleware
	/Users/rodolfodebonis/Documents/projects/spooliq copy/core/middlewares/monitoring_middleware.go:40
github.com/gin-gonic/gin.(*Context).Next
	/Users/rodolfodebonis/go/pkg/mod/github.com/gin-gonic/gin@v1.10.1/context.go:185
github.com/getsentry/sentry-go/gin.(*handler).handle
	/Users/rodolfodebonis/go/pkg/mod/github.com/getsentry/sentry-go@v0.27.0/gin/sentrygin.go:95
github.com/gin-gonic/gin.(*Context).Next
	/Users/rodolfodebonis/go/pkg/mod/github.com/gin-gonic/gin@v1.10.1/context.go:185
github.com/gin-gonic/gin.(*Engine).handleHTTPRequest
	/Users/rodolfodebonis/go/pkg/mod/github.com/gin-gonic/gin@v1.10.1/gin.go:644
github.com/gin-gonic/gin.(*Engine).ServeHTTP
	/Users/rodolfodebonis/go/pkg/mod/github.com/gin-gonic/gin@v1.10.1/gin.go:600
net/http.serverHandler.ServeHTTP
	/opt/homebrew/opt/go/libexec/src/net/http/server.go:3301
net/http.(*conn).serve
	/opt/homebrew/opt/go/libexec/src/net/http/server.go:2102
[GIN] 2025/10/15 - 00:50:02 | 400 |   20.851625ms |             ::1 | GET      "/v1/budgets/null/pdf"
2025-10-15T00:50:02.848-0300	INFO	middlewares/auth_middleware.go:138	Auth success	{"request_id": "4ff8d032-a5bd-4255-a7cc-a5e1c8cdfe3b", "ip": "::1", "matched_role": "Owner", "required_roles": ["Owner", "OrgAdmin", "User"], "user_roles": ["default-roles-spooliq","Owner","offline_access","uma_authorization"], "user_id": "2fba3479-a75a-403e-b43e-40d2b4d53d61", "email": "admin@impressoes3d.com.br"}
2025-10-15T00:50:02.869-0300	INFO	usecases/find_all_brand_uc.go:39	Brands retrieval attempt started	{"user_agent": "curl/8.15.0", "ip": "::1"}
2025-10-15T00:50:02.873-0300	INFO	usecases/find_all_brand_uc.go:59	Brands retrieved successfully	{"total_brands": 0}
[GIN] 2025/10/15 - 00:50:02 | 200 |  167.549458ms |             ::1 | GET      "/v1/brands?page=1&pageSize=10"
